GET - /api/posts - Sat, 30 Sep 2023 08:45:41 GMT - 2.198 ms
GET - /api/post/undefined - Sat, 30 Sep 2023 08:45:43 GMT - 0.623 ms
GET - /api/posts - Sat, 30 Sep 2023 08:45:45 GMT - 0.305 ms
GET - /api/post/undefined - Sat, 30 Sep 2023 08:45:46 GMT - 0.456 ms
GET - /api/posts - Sat, 30 Sep 2023 08:45:51 GMT - 0.251 ms
GET - /api/post/undefined - Sat, 30 Sep 2023 08:45:52 GMT - 0.256 ms
GET - /api/posts - Sat, 30 Sep 2023 08:45:54 GMT - 0.306 ms
GET - /api/post/undefined - Sat, 30 Sep 2023 08:45:54 GMT - 0.391 ms
GET - /api/posts - Sat, 30 Sep 2023 08:45:55 GMT - 0.327 ms
GET - /api/post/undefined - Sat, 30 Sep 2023 08:45:56 GMT - 0.437 ms
GET - /api/posts - Sat, 30 Sep 2023 08:46:12 GMT - 0.546 ms
GET - /api/posts - Sat, 30 Sep 2023 08:46:15 GMT - 0.248 ms
GET - /api/posts - Sat, 30 Sep 2023 08:48:35 GMT - 1.102 ms
GET - /api/posts - Sat, 30 Sep 2023 08:48:40 GMT - 0.275 ms
GET - /api/post/undefined - Sat, 30 Sep 2023 08:48:43 GMT - 0.531 ms
GET - /api/posts - Sat, 30 Sep 2023 08:48:44 GMT - 0.248 ms
GET - /api/posts - Sat, 30 Sep 2023 08:50:20 GMT - 1.581 ms
GET - /api/post/undefined - Sat, 30 Sep 2023 08:50:24 GMT - 1.347 ms
GET - /api/posts - Sat, 30 Sep 2023 08:50:27 GMT - 0.309 ms
GET - /api/post/undefined - Sat, 30 Sep 2023 08:50:27 GMT - 0.571 ms
GET - /api/posts - Sat, 30 Sep 2023 08:50:28 GMT - 0.283 ms
GET - /api/post/undefined - Sat, 30 Sep 2023 08:50:29 GMT - 0.258 ms
GET - /api/posts - Sat, 30 Sep 2023 08:50:30 GMT - 0.243 ms
GET - /api/posts - Sat, 30 Sep 2023 08:51:25 GMT - 1.852 ms
GET - /api/post/1 - Sat, 30 Sep 2023 08:51:27 GMT - 0.735 ms
GET - /api/posts - Sat, 30 Sep 2023 08:51:28 GMT - 0.281 ms
GET - /api/post/2 - Sat, 30 Sep 2023 08:51:29 GMT - 0.339 ms
GET - /api/posts - Sat, 30 Sep 2023 08:51:30 GMT - 0.268 ms
GET - /admin/dashboard - Tue, 27 Feb 2024 10:58:28 GMT - 2.177 ms
GET - /admin/login - Tue, 27 Feb 2024 10:58:29 GMT - 1222.783 ms
GET - /admin - Tue, 27 Feb 2024 10:58:32 GMT - 0.774 ms
GET - /admin/login - Tue, 27 Feb 2024 10:58:32 GMT - 7.174 ms
GET - /api/posts - Tue, 27 Feb 2024 10:59:00 GMT - 0.425 ms
GET - /admin/signup - Tue, 27 Feb 2024 11:00:45 GMT - 139.990 ms
GET - /assets/js/main.signup.js - Tue, 27 Feb 2024 11:00:45 GMT - 1.710 ms
GET - /admin/signup - Tue, 27 Feb 2024 11:08:30 GMT - 137.571 ms
GET - /assets/js/main.signup.js - Tue, 27 Feb 2024 11:08:30 GMT - 1.431 ms
GET - /api/posts - Tue, 27 Feb 2024 11:08:33 GMT - 0.582 ms
GET - /api/posts - Tue, 27 Feb 2024 11:08:35 GMT - 0.649 ms
GET - /api/posts - Tue, 27 Feb 2024 11:08:38 GMT - 0.411 ms
GET - /admin/signup - Tue, 27 Feb 2024 11:09:32 GMT - 10.947 ms
GET - /assets/js/main.signup.js - Tue, 27 Feb 2024 11:09:32 GMT - 0.518 ms
POST - /admin/signup - Tue, 27 Feb 2024 11:09:57 GMT - 105.414 ms
GET - /admin/login - Tue, 27 Feb 2024 11:09:57 GMT - 6.829 ms
POST - /admin/login - Tue, 27 Feb 2024 11:27:31 GMT - 108.301 ms
GET - /admin/login - Tue, 27 Feb 2024 11:27:31 GMT - 155.774 ms
POST - /admin/login - Tue, 27 Feb 2024 11:28:19 GMT - 100.859 ms
GET - /admin/loginTypeError:%20user.updateLoggedIn%20is%20not%20a%20function - Tue, 27 Feb 2024 11:28:19 GMT - 1.321 ms
GET - /admin/login - Tue, 27 Feb 2024 11:32:40 GMT - 132.248 ms
POST - /admin/login - Tue, 27 Feb 2024 11:32:43 GMT - 106.906 ms
GET - /admin/loginTypeError:%20user.updateLoggedIn%20is%20not%20a%20function - Tue, 27 Feb 2024 11:32:43 GMT - 1.269 ms
GET - /admin/login - Tue, 27 Feb 2024 11:34:07 GMT - 129.842 ms
GET - /admin/login - Tue, 27 Feb 2024 11:34:14 GMT - 130.719 ms
POST - /admin/login - Tue, 27 Feb 2024 11:34:23 GMT - 100.521 ms
GET - /admin/loginTypeError:%20user.updateLoggedIn%20is%20not%20a%20function - Tue, 27 Feb 2024 11:34:23 GMT - 1.719 ms
POST - /admin/login - Tue, 27 Feb 2024 11:34:47 GMT - 156.013 ms
GET - /admin/dashboard - Tue, 27 Feb 2024 11:34:48 GMT - 156.516 ms
GET - /admin/login - Tue, 27 Feb 2024 11:34:59 GMT - 131.007 ms
GET - /admin/logout - Tue, 27 Feb 2024 11:35:02 GMT - 1.659 ms
GET - /admin/login - Tue, 27 Feb 2024 11:35:02 GMT - 9.681 ms
POST - /admin/login - Tue, 27 Feb 2024 11:35:06 GMT - 146.712 ms
GET - /admin/dashboard - Tue, 27 Feb 2024 11:35:06 GMT - 19.736 ms
GET - /admin/logout - Tue, 27 Feb 2024 12:06:56 GMT - 2.042 ms
GET - /admin/login - Tue, 27 Feb 2024 12:06:56 GMT - 164.337 ms
GET - /api/posts - Tue, 27 Feb 2024 12:06:58 GMT - 0.442 ms
GET - /api/posts - Tue, 27 Feb 2024 12:07:01 GMT - 0.416 ms
POST - /api/login - Tue, 27 Feb 2024 12:07:10 GMT - 148.813 ms
POST - /api/login - Tue, 27 Feb 2024 12:07:26 GMT - 142.381 ms
POST - /api/signup - Tue, 27 Feb 2024 12:08:37 GMT - 107.862 ms
GET - /api/posts - Tue, 27 Feb 2024 12:08:38 GMT - 0.219 ms
GET - /api/posts - Tue, 27 Feb 2024 12:08:40 GMT - 0.297 ms
POST - /api/login - Tue, 27 Feb 2024 12:08:48 GMT - 139.362 ms
POST - /api/login - Tue, 27 Feb 2024 12:10:01 GMT - 154.881 ms
POST - /api/login - Tue, 27 Feb 2024 12:10:37 GMT - 144.939 ms
POST - /api/login - Tue, 27 Feb 2024 12:11:48 GMT - 147.922 ms
GET - /api/posts - Tue, 27 Feb 2024 12:11:48 GMT - 0.864 ms
GET - /api/posts - Tue, 27 Feb 2024 12:11:53 GMT - 0.331 ms
GET - /api/posts - Tue, 27 Feb 2024 12:13:36 GMT - 0.381 ms
GET - /api/posts - Tue, 27 Feb 2024 12:13:37 GMT - 0.506 ms
GET - /api/posts - Tue, 27 Feb 2024 12:13:41 GMT - 1.130 ms
POST - /api/login - Tue, 27 Feb 2024 12:14:09 GMT - 140.807 ms
GET - /api/posts - Tue, 27 Feb 2024 12:14:09 GMT - 0.240 ms
POST - /api/login - Tue, 27 Feb 2024 12:14:36 GMT - 140.675 ms
GET - /api/posts - Tue, 27 Feb 2024 12:14:36 GMT - 0.227 ms
POST - /api/verify - Tue, 27 Feb 2024 12:15:25 GMT - 0.468 ms
GET - /api/posts - Tue, 27 Feb 2024 12:15:25 GMT - 0.261 ms
POST - /api/login - Tue, 27 Feb 2024 12:23:07 GMT - 158.437 ms
GET - /api/posts - Tue, 27 Feb 2024 12:23:07 GMT - 0.806 ms
GET - /api/posts - Tue, 27 Feb 2024 12:23:08 GMT - 0.793 ms
POST - /api/verify - Tue, 27 Feb 2024 12:23:08 GMT - 52.173 ms
GET - /api/posts - Tue, 27 Feb 2024 12:23:09 GMT - 0.264 ms
POST - /api/verify - Tue, 27 Feb 2024 12:23:09 GMT - 46.797 ms
GET - /api/posts - Tue, 27 Feb 2024 12:23:10 GMT - 0.284 ms
POST - /api/verify - Tue, 27 Feb 2024 12:23:10 GMT - 47.241 ms
GET - /api/posts - Tue, 27 Feb 2024 12:23:11 GMT - 0.942 ms
POST - /api/verify - Tue, 27 Feb 2024 12:23:11 GMT - 47.004 ms
GET - /api/posts - Tue, 27 Feb 2024 12:23:11 GMT - 0.219 ms
POST - /api/verify - Tue, 27 Feb 2024 12:23:11 GMT - 47.679 ms
POST - /api/verify - Tue, 27 Feb 2024 12:52:35 GMT - 48.709 ms
GET - /api/posts - Tue, 27 Feb 2024 12:52:35 GMT - 46.017 ms
POST - /api/post - Tue, 27 Feb 2024 12:56:32 GMT - 55.287 ms
POST - /api/login - Tue, 27 Feb 2024 12:56:39 GMT - 146.299 ms
GET - /api/posts - Tue, 27 Feb 2024 12:56:39 GMT - 95.179 ms
POST - /api/login - Tue, 27 Feb 2024 12:56:58 GMT - 142.469 ms
GET - /api/posts - Tue, 27 Feb 2024 12:56:58 GMT - 88.529 ms
POST - /api/post - Tue, 27 Feb 2024 12:57:21 GMT - 48.370 ms
POST - /api/login - Tue, 27 Feb 2024 12:57:48 GMT - 140.007 ms
GET - /api/posts - Tue, 27 Feb 2024 12:57:48 GMT - 93.139 ms
POST - /api/login - Tue, 27 Feb 2024 12:58:03 GMT - 145.651 ms
GET - /api/posts - Tue, 27 Feb 2024 12:58:04 GMT - 125.879 ms
POST - /api/post - Tue, 27 Feb 2024 13:00:25 GMT - 50.617 ms
POST - /api/login - Tue, 27 Feb 2024 13:00:44 GMT - 164.529 ms
GET - /api/posts - Tue, 27 Feb 2024 13:00:44 GMT - 123.969 ms
DELETE - /api/post/65dddce9fc6d5087c700f84b - Tue, 27 Feb 2024 13:00:54 GMT - 92.352 ms
GET - /api/posts - Tue, 27 Feb 2024 13:00:54 GMT - 87.736 ms
POST - /api/post - Tue, 27 Feb 2024 13:01:24 GMT - 45.080 ms
POST - /api/login - Tue, 27 Feb 2024 13:01:37 GMT - 132.324 ms
GET - /api/posts - Tue, 27 Feb 2024 13:01:37 GMT - 85.744 ms
DELETE - /api/post/65dddd24fc6d5087c700f856 - Tue, 27 Feb 2024 13:02:24 GMT - 85.660 ms
GET - /api/posts - Tue, 27 Feb 2024 13:02:24 GMT - 82.247 ms
POST - /api/login - Tue, 27 Feb 2024 14:01:29 GMT - 155.788 ms
GET - /api/posts - Tue, 27 Feb 2024 14:01:29 GMT - 104.698 ms
POST - /api/verify - Tue, 27 Feb 2024 14:01:31 GMT - 49.475 ms
GET - /api/posts - Tue, 27 Feb 2024 14:01:31 GMT - 98.263 ms
POST - /api/post - Tue, 27 Feb 2024 14:01:55 GMT - 49.595 ms
POST - /api/login - Tue, 27 Feb 2024 14:02:07 GMT - 143.275 ms
GET - /api/posts - Tue, 27 Feb 2024 14:02:08 GMT - 95.661 ms
DELETE - /api/post/65ddeb5315448c6ef66c8806 - Tue, 27 Feb 2024 14:02:10 GMT - 102.323 ms
GET - /api/posts - Tue, 27 Feb 2024 14:02:10 GMT - 92.284 ms
POST - /api/post - Tue, 27 Feb 2024 14:02:43 GMT - 45.941 ms
POST - /api/login - Tue, 27 Feb 2024 14:04:31 GMT - 50.010 ms
POST - /api/login - Tue, 27 Feb 2024 14:04:39 GMT - 149.419 ms
GET - /api/posts - Tue, 27 Feb 2024 14:04:39 GMT - 106.962 ms
DELETE - /api/post/65ddeb8315448c6ef66c8811 - Tue, 27 Feb 2024 14:04:41 GMT - 98.241 ms
GET - /api/posts - Tue, 27 Feb 2024 14:04:41 GMT - 96.252 ms
POST - /api/post - Tue, 27 Feb 2024 14:04:53 GMT - 48.560 ms
POST - /api/login - Tue, 27 Feb 2024 14:05:20 GMT - 150.532 ms
GET - /api/posts - Tue, 27 Feb 2024 14:05:20 GMT - 93.049 ms
DELETE - /api/post/65ddec056ea9f3201a51bdbb - Tue, 27 Feb 2024 14:05:22 GMT - 92.269 ms
GET - /api/posts - Tue, 27 Feb 2024 14:05:22 GMT - 85.057 ms
POST - /api/post - Tue, 27 Feb 2024 14:05:24 GMT - 46.666 ms
POST - /api/login - Tue, 27 Feb 2024 14:06:15 GMT - 142.207 ms
GET - /api/posts - Tue, 27 Feb 2024 14:06:16 GMT - 89.839 ms
POST - /api/post - Tue, 27 Feb 2024 14:06:20 GMT - 47.784 ms
POST - /api/login - Tue, 27 Feb 2024 14:13:39 GMT - 159.591 ms
GET - /api/posts - Tue, 27 Feb 2024 14:13:39 GMT - 97.060 ms
DELETE - /api/post/65ddec248699b5e21d18bfb1 - Tue, 27 Feb 2024 14:13:41 GMT - 101.045 ms
GET - /api/posts - Tue, 27 Feb 2024 14:13:41 GMT - 95.719 ms
DELETE - /api/post/65ddec5c8ad9490adf626219 - Tue, 27 Feb 2024 14:13:42 GMT - 93.662 ms
GET - /api/posts - Tue, 27 Feb 2024 14:13:42 GMT - 105.052 ms
POST - /api/post - Tue, 27 Feb 2024 14:13:48 GMT - 56.016 ms
POST - /api/login - Tue, 27 Feb 2024 14:14:38 GMT - 155.707 ms
GET - /api/posts - Tue, 27 Feb 2024 14:14:38 GMT - 99.812 ms
DELETE - /api/post/65ddee1cc7eb388f40f6a272 - Tue, 27 Feb 2024 14:14:40 GMT - 88.569 ms
GET - /api/posts - Tue, 27 Feb 2024 14:14:40 GMT - 80.864 ms
POST - /api/post - Tue, 27 Feb 2024 14:14:43 GMT - 94.333 ms
GET - /api/posts - Tue, 27 Feb 2024 14:14:43 GMT - 84.158 ms
DELETE - /api/post/65ddee537621ef06c61bc888 - Tue, 27 Feb 2024 14:42:38 GMT - 111.928 ms
GET - /api/posts - Tue, 27 Feb 2024 14:42:38 GMT - 94.837 ms
POST - /api/post - Tue, 27 Feb 2024 14:47:55 GMT - 132.204 ms
GET - /api/posts - Tue, 27 Feb 2024 14:47:55 GMT - 104.597 ms
GET - /admin - Tue, 27 Feb 2024 14:55:48 GMT - 2.061 ms
GET - /admin/login - Tue, 27 Feb 2024 14:55:50 GMT - 2060.894 ms
POST - /admin/login - Tue, 27 Feb 2024 14:56:01 GMT - 164.735 ms
GET - /admin/dashboard - Tue, 27 Feb 2024 14:56:01 GMT - 134.459 ms
POST - /admin/approve - Tue, 27 Feb 2024 15:00:31 GMT - 1.144 ms
POST - /admin/approve - Tue, 27 Feb 2024 15:00:56 GMT - 0.713 ms
POST - /admin/approve - Tue, 27 Feb 2024 15:01:32 GMT - 0.407 ms
GET - /admin/dashboard - Tue, 27 Feb 2024 15:01:41 GMT - 2.907 ms
GET - /admin/login - Tue, 27 Feb 2024 15:01:42 GMT - 156.385 ms
POST - /admin/login - Tue, 27 Feb 2024 15:01:48 GMT - 155.259 ms
GET - /admin/dashboard - Tue, 27 Feb 2024 15:01:48 GMT - 122.277 ms
POST - /admin/moderate - Tue, 27 Feb 2024 15:01:49 GMT - 51.738 ms
GET - /admin/dashboard - Tue, 27 Feb 2024 15:01:49 GMT - 54.397 ms
POST - /api/verify - Tue, 27 Feb 2024 15:01:55 GMT - 44.589 ms
GET - /api/posts - Tue, 27 Feb 2024 15:01:55 GMT - 90.404 ms
POST - /api/login - Tue, 27 Feb 2024 15:02:05 GMT - 149.756 ms
GET - /api/posts - Tue, 27 Feb 2024 15:02:06 GMT - 95.273 ms
POST - /api/post - Tue, 27 Feb 2024 15:02:19 GMT - 118.753 ms
GET - /api/posts - Tue, 27 Feb 2024 15:02:19 GMT - 86.756 ms
GET - /admin/dashboard - Tue, 27 Feb 2024 15:02:23 GMT - 105.018 ms
POST - /admin/moderate - Tue, 27 Feb 2024 15:02:29 GMT - 46.290 ms
GET - /admin/dashboard - Tue, 27 Feb 2024 15:02:29 GMT - 57.344 ms
POST - /api/post - Tue, 27 Feb 2024 15:02:55 GMT - 109.826 ms
GET - /api/posts - Tue, 27 Feb 2024 15:02:56 GMT - 108.921 ms
GET - /api/post/65ddf99f86a7207607b514c4 - Tue, 27 Feb 2024 15:02:59 GMT - 83.915 ms
GET - /api/posts - Tue, 27 Feb 2024 15:03:01 GMT - 85.365 ms
DELETE - /api/post/65ddf99f86a7207607b514c4 - Tue, 27 Feb 2024 15:03:02 GMT - 91.683 ms
GET - /api/posts - Tue, 27 Feb 2024 15:03:02 GMT - 83.639 ms
POST - /api/post - Tue, 27 Feb 2024 15:03:17 GMT - 92.444 ms
GET - /api/posts - Tue, 27 Feb 2024 15:03:17 GMT - 88.654 ms
DELETE - /api/post/65ddf9b586a7207607b514d1 - Tue, 27 Feb 2024 15:03:51 GMT - 92.221 ms
GET - /api/posts - Tue, 27 Feb 2024 15:03:51 GMT - 92.948 ms
POST - /api/post - Tue, 27 Feb 2024 15:04:07 GMT - 95.500 ms
GET - /api/posts - Tue, 27 Feb 2024 15:04:07 GMT - 84.517 ms
GET - /admin/dashboard - Tue, 27 Feb 2024 15:04:09 GMT - 98.669 ms
GET - /admin/dashboard - Tue, 27 Feb 2024 15:04:42 GMT - 2.055 ms
GET - /admin/login - Tue, 27 Feb 2024 15:04:42 GMT - 148.927 ms
POST - /admin/login - Tue, 27 Feb 2024 15:04:49 GMT - 153.563 ms
GET - /admin/dashboard - Tue, 27 Feb 2024 15:04:50 GMT - 118.668 ms
POST - /admin/moderate - Tue, 27 Feb 2024 15:04:52 GMT - 45.744 ms
GET - /admin/dashboard - Tue, 27 Feb 2024 15:04:52 GMT - 64.013 ms
POST - /api/verify - Tue, 27 Feb 2024 15:04:54 GMT - 45.084 ms
GET - /api/posts - Tue, 27 Feb 2024 15:04:54 GMT - 99.161 ms
DELETE - /api/post/65ddf9e786a7207607b514da - Tue, 27 Feb 2024 15:43:58 GMT - 134.721 ms
GET - /api/posts - Tue, 27 Feb 2024 15:43:58 GMT - 109.509 ms
POST - /api/verify - Fri, 12 Apr 2024 16:41:23 GMT - 89.599 ms
GET - /api/posts - Fri, 12 Apr 2024 16:41:23 GMT - 154.834 ms
GET - /api/posts - Fri, 12 Apr 2024 16:41:25 GMT - 104.933 ms
GET - /api/post/65dddc00c11930c58d768776 - Fri, 12 Apr 2024 16:41:30 GMT - 118.889 ms
GET - /api/posts - Fri, 12 Apr 2024 16:41:31 GMT - 107.203 ms
GET - /api/post/65dddc31c11930c58d768781 - Fri, 12 Apr 2024 16:41:32 GMT - 108.065 ms
GET - /api/posts - Fri, 12 Apr 2024 16:41:33 GMT - 105.995 ms
POST - /api/verify - Mon, 15 Apr 2024 13:37:40 GMT - 59.339 ms
GET - /api/posts - Mon, 15 Apr 2024 13:37:40 GMT - 112.676 ms
GET - /api/posts - Mon, 15 Apr 2024 13:37:43 GMT - 103.113 ms
POST - /api/signup - Mon, 15 Apr 2024 13:38:07 GMT - 116.748 ms
GET - /api/posts - Mon, 15 Apr 2024 13:38:07 GMT - 102.679 ms
POST - /api/login - Mon, 15 Apr 2024 13:38:19 GMT - 161.859 ms
GET - /api/posts - Mon, 15 Apr 2024 13:38:19 GMT - 102.323 ms
GET - /api/posts - Mon, 15 Apr 2024 13:52:12 GMT - 115.757 ms
GET - /api/posts - Mon, 15 Apr 2024 13:52:24 GMT - 103.693 ms
GET - /api/post/65dddc31c11930c58d768781 - Mon, 15 Apr 2024 13:52:42 GMT - 103.819 ms
GET - /api/posts - Mon, 15 Apr 2024 13:52:48 GMT - 101.896 ms
POST - /api/login - Mon, 15 Apr 2024 13:52:58 GMT - 160.109 ms
GET - /api/posts - Mon, 15 Apr 2024 13:52:59 GMT - 101.914 ms
GET - /api/post/65dddc31c11930c58d768781 - Mon, 15 Apr 2024 13:53:02 GMT - 101.161 ms
GET - /api/posts - Mon, 15 Apr 2024 13:53:04 GMT - 103.585 ms
GET - /api/post/65dddc31c11930c58d768781 - Mon, 15 Apr 2024 13:53:06 GMT - 104.593 ms
GET - /api/posts - Mon, 15 Apr 2024 13:53:07 GMT - 101.934 ms
GET - /api/posts - Mon, 15 Apr 2024 14:00:28 GMT - 113.541 ms
